[16:55:28.580] [INFO] storybook v10.3.5
[16:55:30.497] [DEBUG] Getting package.json info for /home/user/EverFreeNote/package.json...
[16:55:30.525] [INFO] Storybook collects completely anonymous usage telemetry. We use it to shape Storybook's roadmap and prioritize features. You can learn more, including how to opt out, at https://storybook.js.org/telemetry
[16:55:31.694] [INFO] Starting...
[16:55:31.762] [WARN] No story files found for the specified pattern: components/**/*.stories.@(js|jsx|ts|tsx)
[16:55:31.907] [DEBUG] Starting preview..
[16:55:32.068] [DEBUG] Using tsconfig paths for react-docgen
[16:55:32.068] [ERROR] Failed to build the preview
[16:55:32.073] [ERROR] [38;2;241;97;97mReferenceError: __dirname is not defined[39m
    at Object.viteFinal (file://./.storybook/main.ts:20:29)
    at file://./node_modules/storybook/dist/_node-chunks/chunk-GOY6UMCB.js:10114:36
    at async createViteServer (file://./node_modules/@storybook/builder-vite/dist/index.js:1532:21)
    at async Module.start (file://./node_modules/@storybook/builder-vite/dist/index.js:1557:17)
    at async storybookDevServer (file://./node_modules/storybook/dist/core-server/index.js:7503:83)
    at async buildOrThrow (file://./node_modules/storybook/dist/core-server/index.js:4508:12)
    at async buildDevStandalone (file://./node_modules/storybook/dist/core-server/index.js:8033:41)
    at async withTelemetry (file://./node_modules/storybook/dist/_node-chunks/chunk-FIR43JGQ.js:225:12)
    at async dev (file://./node_modules/storybook/dist/bin/core.js:2736:3)
    at async _Command.<anonymous> (file://./node_modules/storybook/dist/bin/core.js:2806:92)
[16:55:32.080] [WARN] Broken build, fix the error above.
You may need to refresh the browser.